2013-1-26 23:28:49 org.apache.catalina.core.AprLifecycleListener init
信息: The APR based Apache Tomcat Native library which allows optimal performance in production environments was not found on the java.library.path: D:\java\jdk1.6.0_38\bin;C:\Windows\Sun\Java\bin;C:\Windows\system32;C:\Windows;C:\Windows\system32;C:\Windows;C:\Windows\System32\Wbem;C:\Windows\System32\WindowsPowerShell\v1.0\;C:\Program Files\Dell\DW WLAN Card;C:\Program Files\TortoiseSVN\bin;C:\Program Files (x86)\Tesseract-OCR;C:\Program Files (x86)\Tesseract-OCR\training;D:\git\bin;D:\java\jdk1.6.0_38\bin;D:\maven3\bin;D:\mysql\bin;.
2013-1-26 23:28:50 org.apache.coyote.http11.Http11Protocol init
信息: Initializing Coyote HTTP/1.1 on http-8080
2013-1-26 23:28:50 org.apache.catalina.startup.Catalina load
信息: Initialization processed in 1426 ms
2013-1-26 23:28:50 org.apache.catalina.core.StandardService start
信息: Starting service Catalina
2013-1-26 23:28:50 org.apache.catalina.core.StandardEngine start
信息: Starting Servlet Engine: Apache Tomcat/6.0.36
2013-1-26 23:28:50 org.apache.catalina.startup.HostConfig deployDirectory
信息: Deploying web application directory host-manager
2013-1-26 23:28:50 org.apache.catalina.startup.HostConfig deployDirectory
信息: Deploying web application directory manager
2013-1-26 23:28:50 org.apache.catalina.startup.HostConfig deployDirectory
信息: Deploying web application directory ROOT
2013-1-26 23:28:51 org.apache.coyote.http11.Http11Protocol start
信息: Starting Coyote HTTP/1.1 on http-8080
2013-1-26 23:28:51 org.apache.jk.common.ChannelSocket init
信息: JK: ajp13 listening on /0.0.0.0:8009
2013-1-26 23:28:51 org.apache.jk.server.JkMain start
信息: Jk running ID=0 time=0/39  config=null
2013-1-26 23:28:51 org.apache.catalina.startup.Catalina start
信息: Server startup in 614 ms
2013-1-26 23:32:01 org.apache.catalina.startup.HostConfig deployWAR
信息: Deploying web application archive focusns-web-2.0.0-SNAPSHOT.war
2013-1-26 23:32:04 org.apache.catalina.loader.WebappClassLoader validateJarFile
信息: validateJarFile(D:\tomcat\webapps\focusns-web-2.0.0-SNAPSHOT\WEB-INF\lib\servlet-api-2.5.jar) - jar not loaded. See Servlet Spec 2.3, section 9.7.2. Offending class: javax/servlet/Servlet.class
2013-1-26 23:35:47 org.apache.coyote.http11.Http11Protocol pause
信息: Pausing Coyote HTTP/1.1 on http-8080
2013-1-26 23:35:49 org.apache.catalina.core.StandardService stop
信息: Stopping service Catalina
2013-1-26 23:35:49 org.apache.catalina.loader.WebappClassLoader clearReferencesJdbc
严重: The web application [/focusns-web-2.0.0-SNAPSHOT] registered the JDBC driver [com.mysql.jdbc.Driver] but failed to unregister it when the web application was stopped. To prevent a memory leak, the JDBC Driver has been forcibly unregistered.
2013-1-26 23:35:49 org.apache.catalina.loader.WebappClassLoader clearReferencesThreads
严重: The web application [/focusns-web-2.0.0-SNAPSHOT] appears to have started a thread named [Abandoned connection cleanup thread] but has failed to stop it. This is very likely to create a memory leak.
2013-1-26 23:35:49 org.apache.coyote.http11.Http11Protocol destroy
信息: Stopping Coyote HTTP/1.1 on http-8080
2013-1-26 23:45:25 org.apache.catalina.core.AprLifecycleListener init
信息: The APR based Apache Tomcat Native library which allows optimal performance in production environments was not found on the java.library.path: D:\java\jdk1.6.0_38\bin;C:\Windows\Sun\Java\bin;C:\Windows\system32;C:\Windows;C:\Windows\system32;C:\Windows;C:\Windows\System32\Wbem;C:\Windows\System32\WindowsPowerShell\v1.0\;C:\Program Files\Dell\DW WLAN Card;C:\Program Files\TortoiseSVN\bin;C:\Program Files (x86)\Tesseract-OCR;C:\Program Files (x86)\Tesseract-OCR\training;D:\git\bin;D:\java\jdk1.6.0_38\bin;D:\maven3\bin;D:\mysql\bin;.
2013-1-26 23:45:25 org.apache.coyote.http11.Http11Protocol init
信息: Initializing Coyote HTTP/1.1 on http-8080
2013-1-26 23:45:25 org.apache.catalina.startup.Catalina load
信息: Initialization processed in 565 ms
2013-1-26 23:45:25 org.apache.catalina.core.StandardService start
信息: Starting service Catalina
2013-1-26 23:45:25 org.apache.catalina.core.StandardEngine start
信息: Starting Servlet Engine: Apache Tomcat/6.0.36
2013-1-26 23:45:25 org.apache.catalina.startup.HostConfig deployDescriptor
信息: Deploying configuration descriptor host-manager.xml
2013-1-26 23:45:25 org.apache.catalina.startup.HostConfig deployDescriptor
信息: Deploying configuration descriptor manager.xml
2013-1-26 23:45:25 org.apache.catalina.startup.HostConfig deployWAR
信息: Deploying web application archive focusns-web.war
2013-1-26 23:45:28 org.apache.catalina.loader.WebappClassLoader validateJarFile
信息: validateJarFile(D:\tomcat\webapps\focusns-web\WEB-INF\lib\servlet-api-2.5.jar) - jar not loaded. See Servlet Spec 2.3, section 9.7.2. Offending class: javax/servlet/Servlet.class
2013-1-26 23:45:33 org.apache.catalina.startup.HostConfig deployDirectory
信息: Deploying web application directory ROOT
2013-1-26 23:45:33 org.apache.coyote.http11.Http11Protocol start
信息: Starting Coyote HTTP/1.1 on http-8080
2013-1-26 23:45:33 org.apache.jk.common.ChannelSocket init
信息: JK: ajp13 listening on /0.0.0.0:8009
2013-1-26 23:45:33 org.apache.jk.server.JkMain start
信息: Jk running ID=0 time=0/27  config=null
2013-1-26 23:45:33 org.apache.catalina.startup.Catalina start
信息: Server startup in 8249 ms
2013-1-26 23:46:16 org.apache.coyote.http11.Http11Protocol pause
信息: Pausing Coyote HTTP/1.1 on http-8080
2013-1-26 23:46:17 org.apache.catalina.core.StandardService stop
信息: Stopping service Catalina
2013-1-26 23:46:17 org.apache.catalina.loader.WebappClassLoader clearReferencesJdbc
严重: The web application [/focusns-web] registered the JDBC driver [com.mysql.jdbc.Driver] but failed to unregister it when the web application was stopped. To prevent a memory leak, the JDBC Driver has been forcibly unregistered.
2013-1-26 23:46:17 org.apache.catalina.loader.WebappClassLoader clearReferencesThreads
严重: The web application [/focusns-web] appears to have started a thread named [Abandoned connection cleanup thread] but has failed to stop it. This is very likely to create a memory leak.
2013-1-26 23:46:17 org.apache.catalina.loader.WebappClassLoader clearReferencesThreads
严重: The web application [/focusns-web] appears to have started a thread named [pool-1-thread-1] but has failed to stop it. This is very likely to create a memory leak.
2013-1-26 23:46:17 org.apache.catalina.loader.WebappClassLoader clearReferencesThreads
严重: The web application [/focusns-web] appears to have started a thread named [pool-1-thread-2] but has failed to stop it. This is very likely to create a memory leak.
2013-1-26 23:46:17 org.apache.catalina.loader.WebappClassLoader clearReferencesThreads
严重: The web application [/focusns-web] appears to have started a thread named [pool-1-thread-3] but has failed to stop it. This is very likely to create a memory leak.
2013-1-26 23:46:17 org.apache.catalina.loader.WebappClassLoader clearReferencesThreads
严重: The web application [/focusns-web] appears to have started a thread named [pool-1-thread-4] but has failed to stop it. This is very likely to create a memory leak.
2013-1-26 23:46:17 org.apache.catalina.loader.WebappClassLoader checkThreadLocalMapForLeaks
严重: The web application [/focusns-web] created a ThreadLocal with key of type [java.lang.ThreadLocal] (value [java.lang.ThreadLocal@8fe2509]) and a value of type [org.focusns.web.page.config.PageConfig] (value [org.focusns.web.page.config.PageConfig@6531767b]) but failed to remove it when the web application was stopped. This is very likely to create a memory leak.
2013-1-26 23:46:17 org.apache.catalina.loader.WebappClassLoader checkThreadLocalMapForLeaks
严重: The web application [/focusns-web] created a ThreadLocal with key of type [org.focusns.web.widget.engine.impl.DefaultWidgetEngine$1] (value [org.focusns.web.widget.engine.impl.DefaultWidgetEngine$1@1259b924]) and a value of type [java.util.ArrayList] (value [[java.util.concurrent.FutureTask@4089f3e5, java.util.concurrent.FutureTask@20eb607d, java.util.concurrent.FutureTask@3d0bbf6d]]) but failed to remove it when the web application was stopped. This is very likely to create a memory leak.
2013-1-26 23:46:17 org.apache.catalina.loader.WebappClassLoader checkThreadLocalMapForLeaks
严重: The web application [/focusns-web] created a ThreadLocal with key of type [java.lang.ThreadLocal] (value [java.lang.ThreadLocal@8fe2509]) and a value of type [org.focusns.web.page.config.PageConfig] (value [org.focusns.web.page.config.PageConfig@4e44ac6a]) but failed to remove it when the web application was stopped. This is very likely to create a memory leak.
2013-1-26 23:46:17 org.apache.catalina.loader.WebappClassLoader checkThreadLocalMapForLeaks
严重: The web application [/focusns-web] created a ThreadLocal with key of type [org.focusns.web.widget.engine.impl.DefaultWidgetEngine$1] (value [org.focusns.web.widget.engine.impl.DefaultWidgetEngine$1@1259b924]) and a value of type [java.util.ArrayList] (value [[java.util.concurrent.FutureTask@7e938b4a, java.util.concurrent.FutureTask@89de832, java.util.concurrent.FutureTask@36f72f09, java.util.concurrent.FutureTask@1e311410, java.util.concurrent.FutureTask@281c35ec, java.util.concurrent.FutureTask@54182d86, java.util.concurrent.FutureTask@7f54e38b, java.util.concurrent.FutureTask@1e26fbfc, java.util.concurrent.FutureTask@11696cdb, java.util.concurrent.FutureTask@2069a6cb, java.util.concurrent.FutureTask@78456a0c, java.util.concurrent.FutureTask@15357784, java.util.concurrent.FutureTask@693985fc, java.util.concurrent.FutureTask@3f8b995c, java.util.concurrent.FutureTask@6601879b, java.util.concurrent.FutureTask@6e6e056e, java.util.concurrent.FutureTask@7926b165, java.util.concurrent.FutureTask@5b489c06, java.util.concurrent.FutureTask@7bfb7cbb, java.util.concurrent.FutureTask@3bba1894, java.util.concurrent.FutureTask@36a3bb2e, java.util.concurrent.FutureTask@3755e508, java.util.concurrent.FutureTask@682f8c99, java.util.concurrent.FutureTask@9b7c63f]]) but failed to remove it when the web application was stopped. This is very likely to create a memory leak.
2013-1-26 23:46:17 org.apache.coyote.http11.Http11Protocol destroy
信息: Stopping Coyote HTTP/1.1 on http-8080
